+ pre_commit code_format
+ pip install -c python/requirements_compiled.txt pre-commit clang-format
Looking in indexes: https://pypi.org/simple, https://download.pytorch.org/whl/cpu
Looking in links: https://data.pyg.org/whl/torch-2.3.0+cpu.html
Requirement already satisfied: pre-commit in /opt/venv/lib/python3.10/site-packages (3.5.0)
Requirement already satisfied: clang-format in /opt/venv/lib/python3.10/site-packages (12.0.1)
Requirement already satisfied: cfgv>=2.0.0 in /opt/venv/lib/python3.10/site-packages (from pre-commit) (3.4.0)
Requirement already satisfied: identify>=1.0.0 in /opt/venv/lib/python3.10/site-packages (from pre-commit) (2.6.1)
Requirement already satisfied: nodeenv>=0.11.1 in /opt/venv/lib/python3.10/site-packages (from pre-commit) (1.9.1)
Requirement already satisfied: pyyaml>=5.1 in /opt/venv/lib/python3.10/site-packages (from pre-commit) (6.0.1)
Requirement already satisfied: virtualenv>=20.10.0 in /opt/venv/lib/python3.10/site-packages (from pre-commit) (20.29.1)
Requirement already satisfied: distlib<1,>=0.3.7 in /opt/venv/lib/python3.10/site-packages (from virtualenv>=20.10.0->pre-commit) (0.3.7)
Requirement already satisfied: filelock<4,>=3.12.2 in /opt/venv/lib/python3.10/site-packages (from virtualenv>=20.10.0->pre-commit) (3.17.0)
Requirement already satisfied: platformdirs<5,>=3.9.1 in /opt/venv/lib/python3.10/site-packages (from virtualenv>=20.10.0->pre-commit) (3.11.0)

[notice] A new release of pip is available: 25.2 -> 25.3
[notice] To update, run: pip install --upgrade pip
+ HOOKS=(python-no-log-warn ruff check-added-large-files check-ast check-toml black prettier mypy rst-directive-colons rst-inline-touching-normal python-check-mock-methods clang-format shellcheck docstyle check-import-order check-cpp-files-inclusion end-of-file-fixer check-json trailing-whitespace cpplint buildifier buildifier-lint eslint)
+ for HOOK in "${HOOKS[@]}"
+ pre-commit run python-no-log-warn --all-files --show-diff-on-failure
use logger.warning(......................................................Passed
+ for HOOK in "${HOOKS[@]}"
+ pre-commit run ruff --all-files --show-diff-on-failure
ruff.....................................................................Passed
ruff.....................................................................Passed
+ for HOOK in "${HOOKS[@]}"
+ pre-commit run check-added-large-files --all-files --show-diff-on-failure
check for added large files..............................................Passed
+ for HOOK in "${HOOKS[@]}"
+ pre-commit run check-ast --all-files --show-diff-on-failure
check python ast.........................................................Passed
+ for HOOK in "${HOOKS[@]}"
+ pre-commit run check-toml --all-files --show-diff-on-failure
check toml...............................................................Passed
+ for HOOK in "${HOOKS[@]}"
+ pre-commit run black --all-files --show-diff-on-failure
black....................................................................Passed
+ for HOOK in "${HOOKS[@]}"
+ pre-commit run prettier --all-files --show-diff-on-failure
prettier.............................................(no files to check)Skipped
+ for HOOK in "${HOOKS[@]}"
+ pre-commit run mypy --all-files --show-diff-on-failure
mypy.....................................................................Passed
+ for HOOK in "${HOOKS[@]}"
+ pre-commit run rst-directive-colons --all-files --show-diff-on-failure
rst directives end with two colons.......................................Passed
+ for HOOK in "${HOOKS[@]}"
+ pre-commit run rst-inline-touching-normal --all-files --show-diff-on-failure
rst ``inline code`` next to normal text..................................Passed
+ for HOOK in "${HOOKS[@]}"
+ pre-commit run python-check-mock-methods --all-files --show-diff-on-failure
check for not-real mock methods..........................................Passed
+ for HOOK in "${HOOKS[@]}"
+ pre-commit run clang-format --all-files --show-diff-on-failure
clang-format.............................................................Passed
+ for HOOK in "${HOOKS[@]}"
+ pre-commit run shellcheck --all-files --show-diff-on-failure
shellcheck...............................................................Passed
+ for HOOK in "${HOOKS[@]}"
+ pre-commit run docstyle --all-files --show-diff-on-failure
Check for Ray docstyle violations........................................Passed
+ for HOOK in "${HOOKS[@]}"
+ pre-commit run check-import-order --all-files --show-diff-on-failure
Check for Ray import order violations....................................Passed
+ for HOOK in "${HOOKS[@]}"
+ pre-commit run check-cpp-files-inclusion --all-files --show-diff-on-failure
Check ray core C++ files inclusion violations............................Passed
+ for HOOK in "${HOOKS[@]}"
+ pre-commit run end-of-file-fixer --all-files --show-diff-on-failure
fix end of files.........................................................Passed
+ for HOOK in "${HOOKS[@]}"
+ pre-commit run check-json --all-files --show-diff-on-failure
check json...............................................................Passed
+ for HOOK in "${HOOKS[@]}"
+ pre-commit run trailing-whitespace --all-files --show-diff-on-failure
trim trailing whitespace.................................................Passed
+ for HOOK in "${HOOKS[@]}"
+ pre-commit run cpplint --all-files --show-diff-on-failure
cpplint..................................................................Passed
+ for HOOK in "${HOOKS[@]}"
+ pre-commit run buildifier --all-files --show-diff-on-failure
buildifier...............................................................Passed
+ for HOOK in "${HOOKS[@]}"
+ pre-commit run buildifier-lint --all-files --show-diff-on-failure
buildifier-lint..........................................................Passed
+ for HOOK in "${HOOKS[@]}"
+ pre-commit run eslint --all-files --show-diff-on-failure
eslint...................................................................Passed
